[     344ms] Transition was skipped
[     422ms] [ERROR] Failure writing unhandled promise rejection to system log: Error: Cannot parse given Error object
    at Object.parse (http://localhost:8123/frontend_latest/61210.470a90aa4bd94086.js:1:478)
    at http://localhost:8123/frontend_latest/61210.470a90aa4bd94086.js:1:27684
    at new Promise (<anonymous>)
    at fromError (http://localhost:8123/frontend_latest/61210.470a90aa4bd94086.js:1:27650)
    at t (http://localhost:8123/frontend_latest/29090.18d35e3322eca686.js:1:621)
    at http://localhost:8123/frontend_latest/app.bdfac6a7ad3bdb9b.js:51:18717 @ http://localhost:8123/frontend_latest/app.bdfac6a7ad3bdb9b.js:50
[  306377ms] [ERROR] WebSocket connection to 'ws://localhost:8123/api/websocket' failed: Error during WebSocket handshake: net::ERR_CONNECTION_RESET @ http://localhost:8123/frontend_latest/core.0f82572f21012c07.js:0
[  307574ms] [ERROR] WebSocket connection to 'ws://localhost:8123/api/websocket' failed: Error during WebSocket handshake: net::ERR_CONNECTION_RESET @ http://localhost:8123/frontend_latest/core.0f82572f21012c07.js:0
[  309763ms] [ERROR] WebSocket connection to 'ws://localhost:8123/api/websocket' failed: Error during WebSocket handshake: net::ERR_CONNECTION_RESET @ http://localhost:8123/frontend_latest/core.0f82572f21012c07.js:0
[  312848ms] Object
[  351421ms] Transition was skipped
[  351452ms] [ERROR] Failure writing unhandled promise rejection to system log: Error: Cannot parse given Error object
    at Object.parse (http://localhost:8123/frontend_latest/61210.470a90aa4bd94086.js:1:478)
    at http://localhost:8123/frontend_latest/61210.470a90aa4bd94086.js:1:27684
    at new Promise (<anonymous>)
    at fromError (http://localhost:8123/frontend_latest/61210.470a90aa4bd94086.js:1:27650)
    at t (http://localhost:8123/frontend_latest/29090.18d35e3322eca686.js:1:621)
    at http://localhost:8123/frontend_latest/app.bdfac6a7ad3bdb9b.js:51:18717 @ http://localhost:8123/frontend_latest/app.bdfac6a7ad3bdb9b.js:50
[  355237ms] Transition was skipped
[  355281ms] [ERROR] Failure writing unhandled promise rejection to system log: Error: Cannot parse given Error object
    at Object.parse (http://localhost:8123/frontend_latest/61210.470a90aa4bd94086.js:1:478)
    at http://localhost:8123/frontend_latest/61210.470a90aa4bd94086.js:1:27684
    at new Promise (<anonymous>)
    at fromError (http://localhost:8123/frontend_latest/61210.470a90aa4bd94086.js:1:27650)
    at t (http://localhost:8123/frontend_latest/29090.18d35e3322eca686.js:1:621)
    at http://localhost:8123/frontend_latest/app.bdfac6a7ad3bdb9b.js:51:18717 @ http://localhost:8123/frontend_latest/app.bdfac6a7ad3bdb9b.js:50
[  716965ms] [ERROR] WebSocket connection to 'ws://localhost:8123/api/websocket' failed: Error during WebSocket handshake: net::ERR_CONNECTION_RESET @ http://localhost:8123/frontend_latest/core.0f82572f21012c07.js:0
[  718157ms] [ERROR] WebSocket connection to 'ws://localhost:8123/api/websocket' failed: Error during WebSocket handshake: net::ERR_CONNECTION_RESET @ http://localhost:8123/frontend_latest/core.0f82572f21012c07.js:0
[  720345ms] [ERROR] WebSocket connection to 'ws://localhost:8123/api/websocket' failed: Error during WebSocket handshake: net::ERR_CONNECTION_RESET @ http://localhost:8123/frontend_latest/core.0f82572f21012c07.js:0
[  723410ms] Object
