[    4800ms] Transition was skipped
[    4830ms] [ERROR] Failure writing unhandled promise rejection to system log: Error: Cannot parse given Error object
    at Object.parse (http://localhost:8123/frontend_latest/61210.470a90aa4bd94086.js:1:478)
    at http://localhost:8123/frontend_latest/61210.470a90aa4bd94086.js:1:27684
    at new Promise (<anonymous>)
    at fromError (http://localhost:8123/frontend_latest/61210.470a90aa4bd94086.js:1:27650)
    at t (http://localhost:8123/frontend_latest/29090.18d35e3322eca686.js:1:621)
    at http://localhost:8123/frontend_latest/app.bdfac6a7ad3bdb9b.js:51:18717 @ http://localhost:8123/frontend_latest/app.bdfac6a7ad3bdb9b.js:50
[  123475ms] [ERROR] WebSocket connection to 'ws://localhost:8123/api/websocket' failed: Error during WebSocket handshake: net::ERR_CONNECTION_RESET @ http://localhost:8123/frontend_latest/core.0f82572f21012c07.js:0
[  124668ms] [ERROR] WebSocket connection to 'ws://localhost:8123/api/websocket' failed: Error during WebSocket handshake: net::ERR_CONNECTION_RESET @ http://localhost:8123/frontend_latest/core.0f82572f21012c07.js:0
[  126860ms] [ERROR] WebSocket connection to 'ws://localhost:8123/api/websocket' failed: Error during WebSocket handshake: net::ERR_CONNECTION_RESET @ http://localhost:8123/frontend_latest/core.0f82572f21012c07.js:0
[  129930ms] Object
[  162709ms] Transition was skipped
[  162744ms] [ERROR] Failure writing unhandled promise rejection to system log: Error: Cannot parse given Error object
    at Object.parse (http://localhost:8123/frontend_latest/61210.470a90aa4bd94086.js:1:478)
    at http://localhost:8123/frontend_latest/61210.470a90aa4bd94086.js:1:27684
    at new Promise (<anonymous>)
    at fromError (http://localhost:8123/frontend_latest/61210.470a90aa4bd94086.js:1:27650)
    at t (http://localhost:8123/frontend_latest/29090.18d35e3322eca686.js:1:621)
    at http://localhost:8123/frontend_latest/app.bdfac6a7ad3bdb9b.js:51:18717 @ http://localhost:8123/frontend_latest/app.bdfac6a7ad3bdb9b.js:50
[  208846ms] Object
[  231037ms] [ERROR] WebSocket connection to 'ws://localhost:8123/api/websocket' failed: Error during WebSocket handshake: net::ERR_CONNECTION_RESET @ http://localhost:8123/frontend_latest/core.0f82572f21012c07.js:0
[  232234ms] [ERROR] WebSocket connection to 'ws://localhost:8123/api/websocket' failed: Error during WebSocket handshake: net::ERR_CONNECTION_RESET @ http://localhost:8123/frontend_latest/core.0f82572f21012c07.js:0
[  234423ms] [ERROR] WebSocket connection to 'ws://localhost:8123/api/websocket' failed: Error during WebSocket handshake: net::ERR_CONNECTION_RESET @ http://localhost:8123/frontend_latest/core.0f82572f21012c07.js:0
[  237541ms] Object
